<?xml version="1.0" encoding="UTF-8"?>
<!-- Generated by org.testng.reporters.JUnitReportReporter -->
<testsuite hostname="LAPTOP-21INO1K8" failures="0" tests="1" name="listeners.Demo" time="0.012" errors="0" timestamp="2024-10-03T06:25:46 IST" skipped="0">
  <testcase classname="listeners.Demo" name="moneyTrasferForATM" time="0.012"/>
  <system-out>
    <![CDATA[Money trasfer for ATM
Money transfer successfully]]>
  </system-out>
</testsuite> <!-- listeners.Demo -->
