<?xml version="1.0" encoding="UTF-8"?>
<!-- Generated by org.testng.reporters.JUnitReportReporter -->
<testsuite hostname="LAPTOP-21INO1K8" failures="0" tests="2" name="testNgAnnotationStudy.Demo" time="0.033" errors="0" timestamp="2024-09-20T14:00:47 IST" skipped="0">
  <testcase classname="testNgAnnotationStudy.Demo" name="TestClass1" time="0.017"/>
  <system-out>
    <![CDATA[MyFirstTest method is running]]>
  </system-out>
  <testcase classname="testNgAnnotationStudy.Demo" name="TestClass2" time="0.016"/>
  <system-out>
    <![CDATA[MySecond Test Method is running]]>
  </system-out>
</testsuite> <!-- testNgAnnotationStudy.Demo -->
