<?xml version="1.0" encoding="UTF-8"?>
<!-- Generated by org.testng.reporters.JUnitReportReporter -->
<testsuite hostname="LAPTOP-21INO1K8" failures="0" tests="2" name="actionClass.NewTest" time="12.583" errors="0" timestamp="2024-09-18T21:16:03 IST" skipped="0">
  <testcase classname="actionClass.NewTest" name="secondMethod" time="2.694"/>
  <system-out/>
  <testcase classname="actionClass.NewTest" name="f" time="9.889"/>
  <system-out/>
</testsuite> <!-- actionClass.NewTest -->
