<?xml version="1.0" encoding="UTF-8"?>
<!-- Generated by org.testng.reporters.JUnitReportReporter -->
<testsuite hostname="LAPTOP-21INO1K8" failures="0" tests="1" name="testNGStudy.TestClass2" time="0.024" errors="0" timestamp="2024-09-19T13:26:18 IST" skipped="0">
  <testcase classname="testNGStudy.TestClass2" name="Demo" time="0.024"/>
  <system-out>
    <![CDATA[Hii This is Reporter with single parameter
Hii This is Reporter with double parameter]]>
  </system-out>
</testsuite> <!-- testNGStudy.TestClass2 -->
