<?xml version="1.0" encoding="UTF-8"?>
<!-- Generated by org.testng.reporters.JUnitReportReporter -->
<testsuite hostname="LAPTOP-21INO1K8" failures="0" tests="7" name="testNgKeyword.InnvocationCount" time="0.042" errors="0" timestamp="2024-09-23T12:17:32 IST" skipped="0">
  <testcase classname="testNgKeyword.InnvocationCount" name="M3" time="0.001"/>
  <system-out>
    <![CDATA[My Third method is M3]]>
  </system-out>
  <testcase classname="testNgKeyword.InnvocationCount" name="M1" time="0.002"/>
  <system-out>
    <![CDATA[My first Method is M1 ]]>
  </system-out>
  <testcase classname="testNgKeyword.InnvocationCount" name="M3" time="0.002"/>
  <system-out>
    <![CDATA[My Third method is M3]]>
  </system-out>
  <testcase classname="testNgKeyword.InnvocationCount" name="M4" time="0.003"/>
  <system-out>
    <![CDATA[My forth method is M4]]>
  </system-out>
  <testcase classname="testNgKeyword.InnvocationCount" name="M1" time="0.030"/>
  <system-out>
    <![CDATA[My first Method is M1 ]]>
  </system-out>
  <testcase classname="testNgKeyword.InnvocationCount" name="M2" time="0.002"/>
  <system-out>
    <![CDATA[My second Method is M2]]>
  </system-out>
  <testcase classname="testNgKeyword.InnvocationCount" name="M3" time="0.002"/>
  <system-out>
    <![CDATA[My Third method is M3]]>
  </system-out>
</testsuite> <!-- testNgKeyword.InnvocationCount -->
