<?xml version="1.0" encoding="UTF-8"?>
<!-- Generated by org.testng.reporters.JUnitReportReporter -->
<testsuite hostname="LAPTOP-21INO1K8" failures="0" tests="1" name="coverFoxTest.TC_123_CoverFox_ValidateBannnerCount" time="9.870" errors="0" timestamp="2024-10-07T17:43:42 IST" skipped="0">
  <testcase classname="coverFoxTest.TC_123_CoverFox_ValidateBannnerCount" name="validatePolicyCount" time="9.870"/>
  <system-out>
    <![CDATA[Getting policy count from text Result...
Getting count from Banner...]]>
  </system-out>
</testsuite> <!-- coverFoxTest.TC_123_CoverFox_ValidateBannnerCount -->
