<?xml version="1.0" encoding="UTF-8"?>
<!-- Generated by org.testng.reporters.JUnitReportReporter -->
<testsuite hostname="LAPTOP-21INO1K8" failures="0" tests="1" name="testNgAssertion.HardAssertionStudy" time="0.030" errors="0" timestamp="2024-09-30T21:38:30 IST" skipped="0">
  <testcase classname="testNgAssertion.HardAssertionStudy" name="Demo1" time="0.030"/>
  <system-out/>
</testsuite> <!-- testNgAssertion.HardAssertionStudy -->
