<?xml version="1.0" encoding="UTF-8"?>
<!-- Generated by org.testng.reporters.JUnitReportReporter -->
<testsuite hostname="LAPTOP-21INO1K8" failures="0" tests="2" name="listeners.Demo2" time="0.013" errors="0" timestamp="2024-10-03T06:44:57 IST" skipped="0">
  <testcase classname="listeners.Demo2" name="ValidPinCodeForNetBanking" time="0.012"/>
  <system-out>
    <![CDATA[Test
Money transfer successfully]]>
  </system-out>
  <testcase classname="listeners.Demo2" name="MoneyTrasferForNetBanking" time="0.001"/>
  <system-out>
    <![CDATA[Money trasfer successfully
Money transfer successfully]]>
  </system-out>
</testsuite> <!-- listeners.Demo2 -->
