<?xml version="1.0" encoding="UTF-8"?>
<!-- Generated by org.testng.reporters.JUnitReportReporter -->
<testsuite hostname="LAPTOP-21INO1K8" failures="0" tests="3" name="dataProviderUse.FBLogin" time="10.858" errors="0" timestamp="2024-09-27T23:26:39 IST" skipped="0">
  <testcase classname="dataProviderUse.FBLogin" name="fb" time="3.064"/>
  <system-out/>
  <testcase classname="dataProviderUse.FBLogin" name="fb" time="4.415"/>
  <system-out/>
  <testcase classname="dataProviderUse.FBLogin" name="fb" time="3.379"/>
  <system-out/>
</testsuite> <!-- dataProviderUse.FBLogin -->
