<?xml version="1.0" encoding="UTF-8"?>
<!-- Generated by org.testng.reporters.JUnitReportReporter -->
<testsuite hostname="LAPTOP-21INO1K8" failures="0" tests="2" name="testNgAnnotationStudy.Demo2" time="0.029" errors="0" timestamp="2024-09-20T13:51:16 IST" skipped="0">
  <testcase classname="testNgAnnotationStudy.Demo2" name="MyTestClass2" time="0.007"/>
  <system-out>
    <![CDATA[MySecond Test Class is running]]>
  </system-out>
  <testcase classname="testNgAnnotationStudy.Demo2" name="MyTestClass1" time="0.022"/>
  <system-out>
    <![CDATA[MyFirst test class is running]]>
  </system-out>
</testsuite> <!-- testNgAnnotationStudy.Demo2 -->
