<?xml version="1.0" encoding="UTF-8"?>
<!-- Generated by org.testng.reporters.JUnitReportReporter -->
<testsuite hostname="LAPTOP-21INO1K8" failures="0" tests="1" name="testNgAssertion.AssertNullNotNull" time="0.025" errors="0" timestamp="2024-09-30T21:50:55 IST" skipped="0">
  <testcase classname="testNgAssertion.AssertNullNotNull" name="sample" time="0.025"/>
  <system-out/>
</testsuite> <!-- testNgAssertion.AssertNullNotNull -->
