<?xml version="1.0" encoding="UTF-8"?>
<!-- Generated by org.testng.reporters.JUnitReportReporter -->
<testsuite hostname="LAPTOP-21INO1K8" failures="0" tests="2" name="testNGStudy.TestClass1" time="8.396" errors="0" timestamp="2024-09-19T13:18:33 IST" skipped="0">
  <testcase classname="testNGStudy.TestClass1" name="myTest2" time="2.635"/>
  <system-out/>
  <testcase classname="testNGStudy.TestClass1" name="myTest1" time="5.761"/>
  <system-out/>
</testsuite> <!-- testNGStudy.TestClass1 -->
