<?xml version="1.0" encoding="UTF-8"?>
<!-- Generated by org.testng.reporters.JUnitReportReporter -->
<testsuite hostname="LAPTOP-21INO1K8" failures="0" tests="4" name="testNgKeyword.EnableUse" time="0.031" errors="0" timestamp="2024-09-23T12:31:38 IST" skipped="2">
  <testcase classname="testNgKeyword.EnableUse" name="M4" time="0.003"/>
  <system-out>
    <![CDATA[My forth method is M4]]>
  </system-out>
  <testcase classname="testNgKeyword.EnableUse" name="M2" time="0.028"/>
  <system-out>
    <![CDATA[My second Method is M2]]>
  </system-out>
  <testcase classname="testNgKeyword.EnableUse" name="M3">
    <skipped/>
  </testcase> <!-- M3 -->
  <system-out/>
  <testcase classname="testNgKeyword.EnableUse" name="M1">
    <skipped/>
  </testcase> <!-- M1 -->
  <system-out/>
</testsuite> <!-- testNgKeyword.EnableUse -->
