<?xml version="1.0" encoding="UTF-8"?>
<!-- Generated by org.testng.reporters.JUnitReportReporter -->
<testsuite hostname="LAPTOP-21INO1K8" failures="0" tests="1" name="propertiesfileUse.sampleTest2" time="3.336" errors="0" timestamp="2024-09-27T15:29:06 IST" skipped="0">
  <testcase classname="propertiesfileUse.sampleTest2" name="firstTest" time="3.336"/>
  <system-out/>
</testsuite> <!-- propertiesfileUse.sampleTest2 -->
