<?xml version="1.0" encoding="UTF-8"?>
<!-- Generated by org.testng.reporters.JUnitReportReporter -->
<testsuite hostname="LAPTOP-21INO1K8" failures="0" tests="1" name="testNgAnnotationStudy.Demo3" time="0.021" errors="0" timestamp="2024-09-27T14:11:44 IST" skipped="0">
  <testcase classname="testNgAnnotationStudy.Demo3" name="Tc1" time="0.021"/>
  <system-out>
    <![CDATA[My 1st Test case]]>
  </system-out>
</testsuite> <!-- testNgAnnotationStudy.Demo3 -->
