<?xml version="1.0" encoding="UTF-8"?>
<!-- Generated by org.testng.reporters.JUnitReportReporter -->
<testsuite hostname="LAPTOP-21INO1K8" failures="0" tests="1" name="propertiesfileUse.sampleTest" time="4.018" errors="0" timestamp="2024-09-27T14:43:07 IST" skipped="0">
  <testcase classname="propertiesfileUse.sampleTest" name="firstTest" time="4.018"/>
  <system-out/>
</testsuite> <!-- propertiesfileUse.sampleTest -->
