<?xml version="1.0" encoding="UTF-8"?>
<!-- Generated by org.testng.reporters.JUnitReportReporter -->
<testsuite hostname="LAPTOP-21INO1K8" failures="0" tests="3" name="Test_XML_Use.Demo2" time="0.008" errors="0" timestamp="2024-09-23T13:24:06 IST" skipped="0">
  <testcase classname="Test_XML_Use.Demo2" name="g" time="0.003"/>
  <system-out>
    <![CDATA[Method g is running]]>
  </system-out>
  <testcase classname="Test_XML_Use.Demo2" name="e" time="0.001"/>
  <system-out>
    <![CDATA[Method e is running]]>
  </system-out>
  <testcase classname="Test_XML_Use.Demo2" name="h" time="0.004"/>
  <system-out>
    <![CDATA[Method h is running]]>
  </system-out>
</testsuite> <!-- Test_XML_Use.Demo2 -->
