<?xml version="1.0" encoding="UTF-8"?>
<!-- Generated by org.testng.reporters.JUnitReportReporter -->
<testsuite hostname="LAPTOP-21INO1K8" failures="0" tests="1" name="Test_XML_Use.Sample" time="0.020" errors="0" timestamp="2024-09-23T15:21:14 IST" skipped="0">
  <testcase classname="Test_XML_Use.Sample" name="c" time="0.020"/>
  <system-out>
    <![CDATA[method c is running]]>
  </system-out>
</testsuite> <!-- Test_XML_Use.Sample -->
