<?xml version="1.0" encoding="UTF-8"?>
<!-- Generated by org.testng.reporters.JUnitReportReporter -->
<testsuite hostname="LAPTOP-21INO1K8" failures="0" tests="3" name="Test_XML_Use.Demo1" time="0.022" errors="0" timestamp="2024-10-05T23:58:25 IST" skipped="0">
  <testcase classname="Test_XML_Use.Demo1" name="d" time="0.002"/>
  <system-out>
    <![CDATA[Method d is running]]>
  </system-out>
  <testcase classname="Test_XML_Use.Demo1" name="b" time="0.018"/>
  <system-out>
    <![CDATA[Method b is running]]>
  </system-out>
  <testcase classname="Test_XML_Use.Demo1" name="c" time="0.002"/>
  <system-out>
    <![CDATA[Method c is running]]>
  </system-out>
</testsuite> <!-- Test_XML_Use.Demo1 -->
