<?xml version="1.0" encoding="UTF-8"?>
<!-- Generated by org.testng.reporters.JUnitReportReporter -->
<testsuite hostname="LAPTOP-21INO1K8" failures="0" tests="4" name="testNgKeyword.TimeOutStudy" time="1.045" errors="0" timestamp="2024-09-23T12:24:29 IST" skipped="0">
  <testcase classname="testNgKeyword.TimeOutStudy" name="M2" time="1.018"/>
  <system-out>
    <![CDATA[My second Method is M2]]>
  </system-out>
  <testcase classname="testNgKeyword.TimeOutStudy" name="M1" time="0.022"/>
  <system-out>
    <![CDATA[My first Method is M1 ]]>
  </system-out>
  <testcase classname="testNgKeyword.TimeOutStudy" name="M4" time="0.002"/>
  <system-out>
    <![CDATA[My forth method is M4]]>
  </system-out>
  <testcase classname="testNgKeyword.TimeOutStudy" name="M3" time="0.003"/>
  <system-out>
    <![CDATA[My Third method is M3]]>
  </system-out>
</testsuite> <!-- testNgKeyword.TimeOutStudy -->
