<?xml version="1.0" encoding="UTF-8"?>
<!-- Generated by org.testng.reporters.JUnitReportReporter -->
<testsuite hostname="LAPTOP-21INO1K8" failures="0" tests="3" name="Test_XML_Use.groupKeywordUse" time="0.004" errors="0" timestamp="2024-09-23T14:10:48 IST" skipped="0">
  <testcase classname="Test_XML_Use.groupKeywordUse" name="b" time="0.002"/>
  <system-out>
    <![CDATA[It is b testcase running]]>
  </system-out>
  <testcase classname="Test_XML_Use.groupKeywordUse" name="d" time="0.001"/>
  <system-out>
    <![CDATA[It is d testcase running]]>
  </system-out>
  <testcase classname="Test_XML_Use.groupKeywordUse" name="c" time="0.001"/>
  <system-out>
    <![CDATA[It is c testcase running]]>
  </system-out>
</testsuite> <!-- Test_XML_Use.groupKeywordUse -->
