<?xml version="1.0" encoding="UTF-8"?>
<!-- Generated by org.testng.reporters.JUnitReportReporter -->
<testsuite hostname="LAPTOP-21INO1K8" failures="0" tests="2" name="Test_XML_Use.groupKeywordUse1" time="0.024" errors="0" timestamp="2024-09-23T14:10:48 IST" skipped="0">
  <testcase classname="Test_XML_Use.groupKeywordUse1" name="f" time="0.021"/>
  <system-out>
    <![CDATA[It is f testcase running]]>
  </system-out>
  <testcase classname="Test_XML_Use.groupKeywordUse1" name="g" time="0.003"/>
  <system-out>
    <![CDATA[It is g testcase running]]>
  </system-out>
</testsuite> <!-- Test_XML_Use.groupKeywordUse1 -->
