<?xml version="1.0" encoding="UTF-8"?>
<!-- Generated by org.testng.reporters.JUnitReportReporter -->
<testsuite hostname="LAPTOP-21INO1K8" failures="0" tests="3" name="dataProviderUse.Listener" time="16.195" errors="0" timestamp="2024-10-03T18:03:30 IST" skipped="0">
  <testcase classname="dataProviderUse.Listener" name="fb" time="10.137"/>
  <system-out>
    <![CDATA[TakeScreenShot]]>
  </system-out>
  <testcase classname="dataProviderUse.Listener" name="fb" time="2.849"/>
  <system-out>
    <![CDATA[TakeScreenShot]]>
  </system-out>
  <testcase classname="dataProviderUse.Listener" name="fb" time="3.209"/>
  <system-out>
    <![CDATA[TakeScreenShot]]>
  </system-out>
</testsuite> <!-- dataProviderUse.Listener -->
